
Showing logs for build [32mcb-kubecd-environment-pr-192-9-94b7m-1[0m stage [32mfrom-build-pack[0m and container [32mstep-credential-initializer-kbxw7[0m
{"level":"warn","ts":1585681806.0881069,"logger":"fallback-logger","caller":"logging/config.go:69","msg":"Fetch GitHub commit ID from kodata failed: \"ref: refs/heads/0.8.0-**-support-backwards-incompats\" is not a valid GitHub commit ID"}
{"level":"info","ts":1585681806.0887127,"logger":"fallback-logger","caller":"creds-init/main.go:40","msg":"Credentials initialized."}

Showing logs for build [32mcb-kubecd-environment-pr-192-9-94b7m-1[0m stage [32mfrom-build-pack[0m and container [32mstep-working-dir-initializer-rczv4[0m
{"level":"warn","ts":1585681807.466959,"logger":"fallback-logger","caller":"logging/config.go:69","msg":"Fetch GitHub commit ID from kodata failed: open /var/run/ko/HEAD: no such file or directory"}
{"level":"info","ts":1585681807.4685833,"logger":"fallback-logger","caller":"bash/main.go:64","msg":"Successfully executed command \"sh -c mkdir -p /workspace/source\"; output "}

Showing logs for build [32mcb-kubecd-environment-pr-192-9-94b7m-1[0m stage [32mfrom-build-pack[0m and container [32mstep-place-tools[0m

Showing logs for build [32mcb-kubecd-environment-pr-192-9-94b7m-1[0m stage [32mfrom-build-pack[0m and container [32mstep-git-source-cb-kubecd-environment-pr-192-9-94b7m-fqv29[0m
{"level":"warn","ts":1585681812.5812116,"logger":"fallback-logger","caller":"logging/config.go:69","msg":"Fetch GitHub commit ID from kodata failed: \"ref: refs/heads/0.8.0-**-support-backwards-incompats\" is not a valid GitHub commit ID"}
{"level":"info","ts":1585681813.6262999,"logger":"fallback-logger","caller":"git/git.go:103","msg":"Successfully cloned https://github.com/cb-kubecd/environment-pr-192-9-boot-gke-staging.git @ master in path /workspace/source"}

Showing logs for build [32mcb-kubecd-environment-pr-192-9-94b7m-1[0m stage [32mfrom-build-pack[0m and container [32mstep-git-merge[0m
Using SHAs from PULL_REFS=master:0db8af8e47be67f98c0b75ac9875045a684be946,4:1a6ba6ebbe9c7aa17c89a82faf32138df8ad3423
DEBUG: LC_ALL=C JX_LOG_LEVEL=error git fetch origin --unshallow 1a6ba6ebbe9c7aa17c89a82faf32138df8ad3423: 0db8af8e47be67f98c0b75ac9875045a684be946:
DEBUG: ran git fetch --unshallow origin 1a6ba6ebbe9c7aa17c89a82faf32138df8ad3423: 0db8af8e47be67f98c0b75ac9875045a684be946: in 
DEBUG: LC_ALL=C JX_LOG_LEVEL=error git branch
DEBUG: JX_LOG_LEVEL=error LC_ALL=C git checkout master
DEBUG: ran git checkout master in 
DEBUG: LC_ALL=C JX_LOG_LEVEL=error git reset --hard 0db8af8e47be67f98c0b75ac9875045a684be946
DEBUG: ran git reset --hard 0db8af8e47be67f98c0b75ac9875045a684be946 in 
DEBUG: LC_ALL=C JX_LOG_LEVEL=error git clean -fd .
DEBUG: ran clean --force -d . in 
DEBUG: LC_ALL=C JX_LOG_LEVEL=error git merge 1a6ba6ebbe9c7aa17c89a82faf32138df8ad3423
DEBUG: ran git merge 1a6ba6ebbe9c7aa17c89a82faf32138df8ad3423 in 
DEBUG: JX_LOG_LEVEL=error LC_ALL=C git log --format=%H%x1f%an%x1f%ae%x1f%cn%x1f%ce%x1f%s%n%b%x1e 0db8af8e47be67f98c0b75ac9875045a684be946..HEAD
Merged SHA 1a6ba6ebbe9c7aa17c89a82faf32138df8ad3423 with commit message 'chore: Promote bdd-gh-1585680237 to version 0.0.1' into base branch master

Showing logs for build [32mcb-kubecd-environment-pr-192-9-94b7m-1[0m stage [32mfrom-build-pack[0m and container [32mstep-build-helm-build[0m
WARNING: No $CHART_REPOSITORY defined so using the default value of: http://jenkins-x-chartmuseum:8080
Adding missing Helm repo: storage.googleapis.com https://storage.googleapis.com/chartmuseum.jenkins-x.io
WARNING: No secrets found on "helm/repos" due: reading the secret "helm/repos" from vault: no secret "helm/repos" not found in vault
Read credentials for https://storage.googleapis.com/chartmuseum.jenkins-x.io from vault helm/repos
Successfully added Helm repository storage.googleapis.com.
Adding missing Helm repo: jenkins-x-chartmuseum http://jenkins-x-chartmuseum:8080
WARNING: No secrets found on "helm/repos" due: reading the secret "helm/repos" from vault: no secret "helm/repos" not found in vault
Read credentials for http://jenkins-x-chartmuseum:8080 from vault helm/repos
Successfully added Helm repository jenkins-x-chartmuseum.
WARNING: No $CHART_REPOSITORY defined so using the default value of: http://jenkins-x-chartmuseum:8080
Adding missing Helm repo: chartmuseum.jenkins-x.io http://chartmuseum.jenkins-x.io
WARNING: No secrets found on "helm/repos" due: reading the secret "helm/repos" from vault: no secret "helm/repos" not found in vault
Read credentials for http://chartmuseum.jenkins-x.io from vault helm/repos
Successfully added Helm repository chartmuseum.jenkins-x.io.
