
Showing logs for build [32mcb-kubecd-environment-pr-192-9-xhks8-1[0m stage [32mfrom-build-pack[0m and container [32mstep-credential-initializer-6h794[0m
{"level":"warn","ts":1585681295.4235218,"logger":"fallback-logger","caller":"logging/config.go:69","msg":"Fetch GitHub commit ID from kodata failed: \"ref: refs/heads/0.8.0-**-support-backwards-incompats\" is not a valid GitHub commit ID"}
{"level":"info","ts":1585681295.4242969,"logger":"fallback-logger","caller":"creds-init/main.go:40","msg":"Credentials initialized."}

Showing logs for build [32mcb-kubecd-environment-pr-192-9-xhks8-1[0m stage [32mfrom-build-pack[0m and container [32mstep-working-dir-initializer-t2js9[0m
{"level":"warn","ts":1585681296.7655046,"logger":"fallback-logger","caller":"logging/config.go:69","msg":"Fetch GitHub commit ID from kodata failed: open /var/run/ko/HEAD: no such file or directory"}
{"level":"info","ts":1585681296.7680368,"logger":"fallback-logger","caller":"bash/main.go:64","msg":"Successfully executed command \"sh -c mkdir -p /workspace/source\"; output "}

Showing logs for build [32mcb-kubecd-environment-pr-192-9-xhks8-1[0m stage [32mfrom-build-pack[0m and container [32mstep-place-tools[0m

Showing logs for build [32mcb-kubecd-environment-pr-192-9-xhks8-1[0m stage [32mfrom-build-pack[0m and container [32mstep-git-source-cb-kubecd-environment-pr-192-9-xhks8-lzxfb[0m
{"level":"warn","ts":1585681300.8842149,"logger":"fallback-logger","caller":"logging/config.go:69","msg":"Fetch GitHub commit ID from kodata failed: \"ref: refs/heads/0.8.0-**-support-backwards-incompats\" is not a valid GitHub commit ID"}
{"level":"info","ts":1585681301.9580855,"logger":"fallback-logger","caller":"git/git.go:103","msg":"Successfully cloned https://github.com/cb-kubecd/environment-pr-192-9-boot-gke-staging.git @ master in path /workspace/source"}

Showing logs for build [32mcb-kubecd-environment-pr-192-9-xhks8-1[0m stage [32mfrom-build-pack[0m and container [32mstep-git-merge[0m
Using SHAs from PULL_REFS=master:9558b0640169316a8f1217d2b7076b5a03eb1cf0,3:83922c9f2b35416bd5ffb7ab65c7159cb7e4de23
DEBUG: LC_ALL=C JX_LOG_LEVEL=error git fetch origin --unshallow 83922c9f2b35416bd5ffb7ab65c7159cb7e4de23: 9558b0640169316a8f1217d2b7076b5a03eb1cf0:
DEBUG: ran git fetch --unshallow origin 83922c9f2b35416bd5ffb7ab65c7159cb7e4de23: 9558b0640169316a8f1217d2b7076b5a03eb1cf0: in 
DEBUG: LC_ALL=C JX_LOG_LEVEL=error git branch
DEBUG: JX_LOG_LEVEL=error LC_ALL=C git checkout master
DEBUG: ran git checkout master in 
DEBUG: LC_ALL=C JX_LOG_LEVEL=error git reset --hard 9558b0640169316a8f1217d2b7076b5a03eb1cf0
DEBUG: ran git reset --hard 9558b0640169316a8f1217d2b7076b5a03eb1cf0 in 
DEBUG: JX_LOG_LEVEL=error LC_ALL=C git clean -fd .
DEBUG: ran clean --force -d . in 
DEBUG: LC_ALL=C JX_LOG_LEVEL=error git merge 83922c9f2b35416bd5ffb7ab65c7159cb7e4de23
DEBUG: ran git merge 83922c9f2b35416bd5ffb7ab65c7159cb7e4de23 in 
DEBUG: LC_ALL=C JX_LOG_LEVEL=error git log --format=%H%x1f%an%x1f%ae%x1f%cn%x1f%ce%x1f%s%n%b%x1e 9558b0640169316a8f1217d2b7076b5a03eb1cf0..HEAD
Merged SHA 83922c9f2b35416bd5ffb7ab65c7159cb7e4de23 with commit message 'chore: Promote bdd-nh-1585680237 to version 0.0.1' into base branch master

Showing logs for build [32mcb-kubecd-environment-pr-192-9-xhks8-1[0m stage [32mfrom-build-pack[0m and container [32mstep-build-helm-build[0m
WARNING: No $CHART_REPOSITORY defined so using the default value of: http://jenkins-x-chartmuseum:8080
Adding missing Helm repo: storage.googleapis.com https://storage.googleapis.com/chartmuseum.jenkins-x.io
WARNING: No secrets found on "helm/repos" due: reading the secret "helm/repos" from vault: no secret "helm/repos" not found in vault
Read credentials for https://storage.googleapis.com/chartmuseum.jenkins-x.io from vault helm/repos
Successfully added Helm repository storage.googleapis.com.
Adding missing Helm repo: jenkins-x-chartmuseum http://jenkins-x-chartmuseum:8080
WARNING: No secrets found on "helm/repos" due: reading the secret "helm/repos" from vault: no secret "helm/repos" not found in vault
Read credentials for http://jenkins-x-chartmuseum:8080 from vault helm/repos
Successfully added Helm repository jenkins-x-chartmuseum.
WARNING: No $CHART_REPOSITORY defined so using the default value of: http://jenkins-x-chartmuseum:8080
Adding missing Helm repo: chartmuseum.jenkins-x.io http://chartmuseum.jenkins-x.io
WARNING: No secrets found on "helm/repos" due: reading the secret "helm/repos" from vault: no secret "helm/repos" not found in vault
Read credentials for http://chartmuseum.jenkins-x.io from vault helm/repos
Successfully added Helm repository chartmuseum.jenkins-x.io.
