
Showing logs for build [32mcb-kubecd-environment-pr-192-9-wsfwm-1[0m stage [32mfrom-build-pack[0m and container [32mstep-credential-initializer-9h5qt[0m
{"level":"warn","ts":1585683179.782467,"logger":"fallback-logger","caller":"logging/config.go:69","msg":"Fetch GitHub commit ID from kodata failed: \"ref: refs/heads/0.8.0-**-support-backwards-incompats\" is not a valid GitHub commit ID"}
{"level":"info","ts":1585683179.7835891,"logger":"fallback-logger","caller":"creds-init/main.go:40","msg":"Credentials initialized."}

Showing logs for build [32mcb-kubecd-environment-pr-192-9-wsfwm-1[0m stage [32mfrom-build-pack[0m and container [32mstep-working-dir-initializer-tqnjl[0m
{"level":"warn","ts":1585683181.1311603,"logger":"fallback-logger","caller":"logging/config.go:69","msg":"Fetch GitHub commit ID from kodata failed: open /var/run/ko/HEAD: no such file or directory"}
{"level":"info","ts":1585683181.1328218,"logger":"fallback-logger","caller":"bash/main.go:64","msg":"Successfully executed command \"sh -c mkdir -p /workspace/source\"; output "}

Showing logs for build [32mcb-kubecd-environment-pr-192-9-wsfwm-1[0m stage [32mfrom-build-pack[0m and container [32mstep-place-tools[0m

Showing logs for build [32mcb-kubecd-environment-pr-192-9-wsfwm-1[0m stage [32mfrom-build-pack[0m and container [32mstep-git-source-cb-kubecd-environment-pr-192-9-wsfwm-ztfbw[0m
{"level":"warn","ts":1585683185.2853253,"logger":"fallback-logger","caller":"logging/config.go:69","msg":"Fetch GitHub commit ID from kodata failed: \"ref: refs/heads/0.8.0-**-support-backwards-incompats\" is not a valid GitHub commit ID"}
{"level":"info","ts":1585683186.3766167,"logger":"fallback-logger","caller":"git/git.go:103","msg":"Successfully cloned https://github.com/cb-kubecd/environment-pr-192-9-boot-gke-staging.git @ master in path /workspace/source"}

Showing logs for build [32mcb-kubecd-environment-pr-192-9-wsfwm-1[0m stage [32mfrom-build-pack[0m and container [32mstep-git-merge[0m
Using SHAs from PULL_REFS=master:f22ae4f82ffd6a7574f0b05a084d0287a8b4aeef,6:5be1e302636187f55b8c553c2ca3a5d563ad48fb
DEBUG: LC_ALL=C JX_LOG_LEVEL=error git fetch origin --unshallow 5be1e302636187f55b8c553c2ca3a5d563ad48fb: f22ae4f82ffd6a7574f0b05a084d0287a8b4aeef:
DEBUG: ran git fetch --unshallow origin 5be1e302636187f55b8c553c2ca3a5d563ad48fb: f22ae4f82ffd6a7574f0b05a084d0287a8b4aeef: in 
DEBUG: LC_ALL=C JX_LOG_LEVEL=error git branch
DEBUG: LC_ALL=C JX_LOG_LEVEL=error git checkout master
DEBUG: ran git checkout master in 
DEBUG: LC_ALL=C JX_LOG_LEVEL=error git reset --hard f22ae4f82ffd6a7574f0b05a084d0287a8b4aeef
DEBUG: ran git reset --hard f22ae4f82ffd6a7574f0b05a084d0287a8b4aeef in 
DEBUG: LC_ALL=C JX_LOG_LEVEL=error git clean -fd .
DEBUG: ran clean --force -d . in 
DEBUG: JX_LOG_LEVEL=error LC_ALL=C git merge 5be1e302636187f55b8c553c2ca3a5d563ad48fb
DEBUG: ran git merge 5be1e302636187f55b8c553c2ca3a5d563ad48fb in 
DEBUG: JX_LOG_LEVEL=error LC_ALL=C git log --format=%H%x1f%an%x1f%ae%x1f%cn%x1f%ce%x1f%s%n%b%x1e f22ae4f82ffd6a7574f0b05a084d0287a8b4aeef..HEAD
Merged SHA 5be1e302636187f55b8c553c2ca3a5d563ad48fb with commit message 'chore: Promote bdd-sbrp-import-1585682245 to version 0.0.1' into base branch master

Showing logs for build [32mcb-kubecd-environment-pr-192-9-wsfwm-1[0m stage [32mfrom-build-pack[0m and container [32mstep-build-helm-build[0m
WARNING: No $CHART_REPOSITORY defined so using the default value of: http://jenkins-x-chartmuseum:8080
Adding missing Helm repo: storage.googleapis.com https://storage.googleapis.com/chartmuseum.jenkins-x.io
WARNING: No secrets found on "helm/repos" due: reading the secret "helm/repos" from vault: no secret "helm/repos" not found in vault
Read credentials for https://storage.googleapis.com/chartmuseum.jenkins-x.io from vault helm/repos
Successfully added Helm repository storage.googleapis.com.
Adding missing Helm repo: jenkins-x-chartmuseum http://jenkins-x-chartmuseum:8080
WARNING: No secrets found on "helm/repos" due: reading the secret "helm/repos" from vault: no secret "helm/repos" not found in vault
Read credentials for http://jenkins-x-chartmuseum:8080 from vault helm/repos
Successfully added Helm repository jenkins-x-chartmuseum.
WARNING: No $CHART_REPOSITORY defined so using the default value of: http://jenkins-x-chartmuseum:8080
Adding missing Helm repo: chartmuseum.jenkins-x.io http://chartmuseum.jenkins-x.io
WARNING: No secrets found on "helm/repos" due: reading the secret "helm/repos" from vault: no secret "helm/repos" not found in vault
Read credentials for http://chartmuseum.jenkins-x.io from vault helm/repos
Successfully added Helm repository chartmuseum.jenkins-x.io.
