
Showing logs for build [32mcb-kubecd-environment-pr-192-9-4wbhc-1[0m stage [32mfrom-build-pack[0m and container [32mstep-credential-initializer-f6rq7[0m
{"level":"warn","ts":1585682629.5855782,"logger":"fallback-logger","caller":"logging/config.go:69","msg":"Fetch GitHub commit ID from kodata failed: \"ref: refs/heads/0.8.0-**-support-backwards-incompats\" is not a valid GitHub commit ID"}
{"level":"info","ts":1585682629.5860584,"logger":"fallback-logger","caller":"creds-init/main.go:40","msg":"Credentials initialized."}

Showing logs for build [32mcb-kubecd-environment-pr-192-9-4wbhc-1[0m stage [32mfrom-build-pack[0m and container [32mstep-working-dir-initializer-q4fnl[0m
{"level":"warn","ts":1585682630.4350297,"logger":"fallback-logger","caller":"logging/config.go:69","msg":"Fetch GitHub commit ID from kodata failed: open /var/run/ko/HEAD: no such file or directory"}
{"level":"info","ts":1585682630.4417222,"logger":"fallback-logger","caller":"bash/main.go:64","msg":"Successfully executed command \"sh -c mkdir -p /workspace/source\"; output "}

Showing logs for build [32mcb-kubecd-environment-pr-192-9-4wbhc-1[0m stage [32mfrom-build-pack[0m and container [32mstep-place-tools[0m

Showing logs for build [32mcb-kubecd-environment-pr-192-9-4wbhc-1[0m stage [32mfrom-build-pack[0m and container [32mstep-git-source-cb-kubecd-environment-pr-192-9-4wbhc-gpg6t[0m
{"level":"warn","ts":1585682635.656727,"logger":"fallback-logger","caller":"logging/config.go:69","msg":"Fetch GitHub commit ID from kodata failed: \"ref: refs/heads/0.8.0-**-support-backwards-incompats\" is not a valid GitHub commit ID"}
{"level":"info","ts":1585682636.7394643,"logger":"fallback-logger","caller":"git/git.go:103","msg":"Successfully cloned https://github.com/cb-kubecd/environment-pr-192-9-boot-gke-staging.git @ master in path /workspace/source"}

Showing logs for build [32mcb-kubecd-environment-pr-192-9-4wbhc-1[0m stage [32mfrom-build-pack[0m and container [32mstep-git-merge[0m
Using SHAs from PULL_REFS=master:7bfc971822a6070bfa3b45429ac236df2317835c,5:76367f549efdb9d9c9390f082c1c3686e52b0882
DEBUG: JX_LOG_LEVEL=error LC_ALL=C git fetch origin --unshallow 76367f549efdb9d9c9390f082c1c3686e52b0882: 7bfc971822a6070bfa3b45429ac236df2317835c:
DEBUG: ran git fetch --unshallow origin 76367f549efdb9d9c9390f082c1c3686e52b0882: 7bfc971822a6070bfa3b45429ac236df2317835c: in 
DEBUG: LC_ALL=C JX_LOG_LEVEL=error git branch
DEBUG: JX_LOG_LEVEL=error LC_ALL=C git checkout master
DEBUG: ran git checkout master in 
DEBUG: LC_ALL=C JX_LOG_LEVEL=error git reset --hard 7bfc971822a6070bfa3b45429ac236df2317835c
DEBUG: ran git reset --hard 7bfc971822a6070bfa3b45429ac236df2317835c in 
DEBUG: JX_LOG_LEVEL=error LC_ALL=C git clean -fd .
DEBUG: ran clean --force -d . in 
DEBUG: LC_ALL=C JX_LOG_LEVEL=error git merge 76367f549efdb9d9c9390f082c1c3686e52b0882
DEBUG: ran git merge 76367f549efdb9d9c9390f082c1c3686e52b0882 in 
DEBUG: LC_ALL=C JX_LOG_LEVEL=error git log --format=%H%x1f%an%x1f%ae%x1f%cn%x1f%ce%x1f%s%n%b%x1e 7bfc971822a6070bfa3b45429ac236df2317835c..HEAD
Merged SHA 76367f549efdb9d9c9390f082c1c3686e52b0882 with commit message 'chore: Promote bdd-sbhg-import-1585682245 to version 0.0.1' into base branch master

Showing logs for build [32mcb-kubecd-environment-pr-192-9-4wbhc-1[0m stage [32mfrom-build-pack[0m and container [32mstep-build-helm-build[0m
WARNING: No $CHART_REPOSITORY defined so using the default value of: http://jenkins-x-chartmuseum:8080
Adding missing Helm repo: storage.googleapis.com https://storage.googleapis.com/chartmuseum.jenkins-x.io
WARNING: No secrets found on "helm/repos" due: reading the secret "helm/repos" from vault: no secret "helm/repos" not found in vault
Read credentials for https://storage.googleapis.com/chartmuseum.jenkins-x.io from vault helm/repos
Successfully added Helm repository storage.googleapis.com.
Adding missing Helm repo: jenkins-x-chartmuseum http://jenkins-x-chartmuseum:8080
WARNING: No secrets found on "helm/repos" due: reading the secret "helm/repos" from vault: no secret "helm/repos" not found in vault
Read credentials for http://jenkins-x-chartmuseum:8080 from vault helm/repos
Successfully added Helm repository jenkins-x-chartmuseum.
WARNING: No $CHART_REPOSITORY defined so using the default value of: http://jenkins-x-chartmuseum:8080
Adding missing Helm repo: chartmuseum.jenkins-x.io http://chartmuseum.jenkins-x.io
WARNING: No secrets found on "helm/repos" due: reading the secret "helm/repos" from vault: no secret "helm/repos" not found in vault
Read credentials for http://chartmuseum.jenkins-x.io from vault helm/repos
Successfully added Helm repository chartmuseum.jenkins-x.io.
